2022-03-18T02:26:36.105Z - info: Initializing jsreport (version: 3.4.1, configuration file: jsreport.config.json, nodejs: 16.13.1)
2022-03-18T02:26:36.110Z - info: Searching for available extensions in /app/
2022-03-18T02:26:36.115Z - info: Extensions location cache not found, crawling directories
2022-03-18T02:26:36.390Z - info: Found 35 extension(s)
2022-03-18T02:26:36.430Z - debug: Writing extension locations cache to /tmp/jsreport/core/locations.json
2022-03-18T02:26:36.433Z - debug: Discovered 35 extensions
2022-03-18T02:26:36.550Z - debug: Extension authentication@3.2.0 is disabled, skipping
2022-03-18T02:26:36.552Z - info: Using extension base@3.0.0
2022-03-18T02:26:36.565Z - info: Using extension child-templates@3.0.1
2022-03-18T02:26:36.570Z - info: Using extension cli@3.1.0
2022-03-18T02:26:36.574Z - info: Using extension components@3.2.0
2022-03-18T02:26:36.578Z - info: Using extension data@3.0.1
2022-03-18T02:26:36.582Z - info: Using extension express@3.3.1
2022-03-18T02:26:36.895Z - info: Using extension freeze@3.0.1
2022-03-18T02:26:36.898Z - info: Using extension fs-store@3.1.0
2022-03-18T02:26:36.993Z - debug: Extension fs-store@3.1.0 was disabled
2022-03-18T02:26:36.994Z - info: Using extension handlebars@3.0.0
2022-03-18T02:26:36.999Z - info: Using extension import-export@3.1.1
2022-03-18T02:26:37.021Z - info: Using extension jsrender@3.0.0
2022-03-18T02:26:37.023Z - info: Using extension licensing@3.0.2
2022-03-18T02:26:37.057Z - info: Using extension localization@3.2.0
2022-03-18T02:26:37.059Z - info: Using extension npm@3.1.1
2022-03-18T02:26:37.066Z - info: Using extension pdf-utils@3.3.0
2022-03-18T02:26:37.070Z - info: Using extension reports@3.0.3
2022-03-18T02:26:37.075Z - info: Using extension tags@3.1.0
2022-03-18T02:26:37.079Z - info: Using extension text@3.0.0
2022-03-18T02:26:37.081Z - info: Using extension version-control@3.1.0
2022-03-18T02:26:37.099Z - info: Using extension assets@3.3.0
2022-03-18T02:26:37.115Z - info: Using extension authorization@3.2.0
2022-03-18T02:26:37.121Z - debug: Extension authorization@3.2.0 was disabled
2022-03-18T02:26:37.122Z - info: Using extension browser-client@3.1.0
2022-03-18T02:26:37.126Z - info: Using extension chrome-pdf@3.1.0
2022-03-18T02:26:37.156Z - debug: Chrome strategy is chrome-pool, numberOfWorkers: 1
2022-03-18T02:26:37.158Z - debug: Chrome custom launch options are args=--no-sandbox,--disable-dev-shm-usage, executablePath=/usr/lib/chromium/chrome
2022-03-18T02:26:37.159Z - info: Using extension docx@3.2.0
2022-03-18T02:26:37.164Z - info: Using extension html-to-xlsx@3.2.0
2022-03-18T02:26:37.243Z - info: html-to-xlsx detected chrome as available html engine
2022-03-18T02:26:37.243Z - info: Using extension pptx@3.1.0
2022-03-18T02:26:37.247Z - info: Using extension scheduling@3.0.1
2022-03-18T02:26:37.305Z - info: Using extension scripts@3.2.0
2022-03-18T02:26:37.307Z - info: Using extension static-pdf@3.0.0
2022-03-18T02:26:37.308Z - info: Using extension studio@3.4.0
2022-03-18T02:26:37.403Z - info: Using extension xlsx@3.1.0
2022-03-18T02:26:37.431Z - info: Using extension public-templates@3.0.0
2022-03-18T02:26:37.432Z - debug: Extension public-templates@3.0.0 was disabled
2022-03-18T02:26:37.433Z - info: Using extension sample-template@3.1.0
2022-03-18T02:26:37.437Z - info: Using extension studio-theme-dark@3.0.1
2022-03-18T02:26:37.439Z - info: Using general timeout for rendering (reportTimeout: 60000)
2022-03-18T02:26:37.440Z - info: Using memory provider for template store. The saved templates will be lost after restart
2022-03-18T02:26:37.468Z - debug: studio default theme is: light
2022-03-18T02:26:37.490Z - info: Creating default express app.
2022-03-18T02:26:37.527Z - info: jsreport server successfully started on http port: 3000
2022-03-18T02:26:37.530Z - info: Verifying license key free
2022-03-18T02:26:37.531Z - info: Using free license
2022-03-18T02:26:37.541Z - info: Migrating templates chrome settings (waitForNetworkIddle -> waitForNetworkIdle)
2022-03-18T02:26:37.543Z - info: Migration successful
2022-03-18T02:26:37.545Z - debug: Creating samples is disabled
2022-03-18T02:26:37.548Z - info: Initializing worker threads
2022-03-18T02:26:37.548Z - debug: Extensions in workers: base, child-templates, components, data, express, handlebars, jsrender, localization, npm, pdf-utils, reports, text, version-control, assets, browser-client, chrome-pdf, docx, html-to-xlsx, pptx, scripts, static-pdf, studio, xlsx
2022-03-18T02:26:37.914Z - info: 2 worker threads initialized in 366ms
2022-03-18T02:26:37.914Z - info: Starting temp files cleanup with 180000ms threshold
2022-03-18T02:26:37.916Z - info: reporter initialized
2022-03-18T02:27:33.587Z - info: Initializing jsreport (version: 3.4.1, configuration file: jsreport.config.json, nodejs: 16.13.1)
2022-03-18T02:27:33.592Z - info: Searching for available extensions in /app/
2022-03-18T02:27:33.598Z - info: Extensions location cache not found, crawling directories
2022-03-18T02:27:34.129Z - info: Found 35 extension(s)
2022-03-18T02:27:34.205Z - debug: Writing extension locations cache to /tmp/jsreport/core/locations.json
2022-03-18T02:27:34.209Z - debug: Discovered 35 extensions
2022-03-18T02:27:34.411Z - debug: Extension authentication@3.2.0 is disabled, skipping
2022-03-18T02:27:34.414Z - info: Using extension base@3.0.0
2022-03-18T02:27:34.431Z - info: Using extension child-templates@3.0.1
2022-03-18T02:27:34.440Z - info: Using extension cli@3.1.0
2022-03-18T02:27:34.445Z - info: Using extension components@3.2.0
2022-03-18T02:27:34.448Z - info: Using extension data@3.0.1
2022-03-18T02:27:34.452Z - info: Using extension express@3.3.1
2022-03-18T02:27:34.825Z - info: Using extension freeze@3.0.1
2022-03-18T02:27:34.829Z - info: Using extension fs-store@3.1.0
2022-03-18T02:27:34.952Z - debug: Extension fs-store@3.1.0 was disabled
2022-03-18T02:27:34.953Z - info: Using extension handlebars@3.0.0
2022-03-18T02:27:34.956Z - info: Using extension import-export@3.1.1
2022-03-18T02:27:34.979Z - info: Using extension jsrender@3.0.0
2022-03-18T02:27:34.981Z - info: Using extension licensing@3.0.2
2022-03-18T02:27:35.020Z - info: Using extension localization@3.2.0
2022-03-18T02:27:35.022Z - info: Using extension npm@3.1.1
2022-03-18T02:27:35.031Z - info: Using extension pdf-utils@3.3.0
2022-03-18T02:27:35.036Z - info: Using extension reports@3.0.3
2022-03-18T02:27:35.041Z - info: Using extension tags@3.1.0
2022-03-18T02:27:35.046Z - info: Using extension text@3.0.0
2022-03-18T02:27:35.047Z - info: Using extension version-control@3.1.0
2022-03-18T02:27:35.068Z - info: Using extension assets@3.3.0
2022-03-18T02:27:35.088Z - info: Using extension authorization@3.2.0
2022-03-18T02:27:35.099Z - debug: Extension authorization@3.2.0 was disabled
2022-03-18T02:27:35.100Z - info: Using extension browser-client@3.1.0
2022-03-18T02:27:35.105Z - info: Using extension chrome-pdf@3.1.0
2022-03-18T02:27:35.133Z - debug: Chrome strategy is chrome-pool, numberOfWorkers: 1
2022-03-18T02:27:35.134Z - debug: Chrome custom launch options are executablePath=/usr/lib/chromium/chrome, args=--no-sandbox,--disable-dev-shm-usage
2022-03-18T02:27:35.135Z - info: Using extension docx@3.2.0
2022-03-18T02:27:35.140Z - info: Using extension html-to-xlsx@3.2.0
2022-03-18T02:27:35.256Z - info: html-to-xlsx detected chrome as available html engine
2022-03-18T02:27:35.257Z - info: Using extension pptx@3.1.0
2022-03-18T02:27:35.270Z - info: Using extension scheduling@3.0.1
2022-03-18T02:27:35.358Z - info: Using extension scripts@3.2.0
2022-03-18T02:27:35.360Z - info: Using extension static-pdf@3.0.0
2022-03-18T02:27:35.362Z - info: Using extension studio@3.4.0
2022-03-18T02:27:35.475Z - info: Using extension xlsx@3.1.0
2022-03-18T02:27:35.518Z - info: Using extension public-templates@3.0.0
2022-03-18T02:27:35.520Z - debug: Extension public-templates@3.0.0 was disabled
2022-03-18T02:27:35.521Z - info: Using extension sample-template@3.1.0
2022-03-18T02:27:35.525Z - info: Using extension studio-theme-dark@3.0.1
2022-03-18T02:27:35.530Z - info: Using general timeout for rendering (reportTimeout: 60000)
2022-03-18T02:27:35.530Z - info: Using memory provider for template store. The saved templates will be lost after restart
2022-03-18T02:27:35.569Z - debug: studio default theme is: light
2022-03-18T02:27:35.602Z - info: Creating default express app.
2022-03-18T02:27:35.655Z - info: jsreport server successfully started on http port: 3000
2022-03-18T02:27:35.658Z - info: Verifying license key free
2022-03-18T02:27:35.660Z - info: Using free license
2022-03-18T02:27:35.687Z - info: Migrating templates chrome settings (waitForNetworkIddle -> waitForNetworkIdle)
2022-03-18T02:27:35.689Z - info: Migration successful
2022-03-18T02:27:35.691Z - debug: Creating samples is disabled
2022-03-18T02:27:35.696Z - info: Initializing worker threads
2022-03-18T02:27:35.700Z - debug: Extensions in workers: base, child-templates, components, data, express, handlebars, jsrender, localization, npm, pdf-utils, reports, text, version-control, assets, browser-client, chrome-pdf, docx, html-to-xlsx, pptx, scripts, static-pdf, studio, xlsx
2022-03-18T02:27:36.155Z - info: 2 worker threads initialized in 459ms
2022-03-18T02:27:36.155Z - info: Starting temp files cleanup with 180000ms threshold
2022-03-18T02:27:36.157Z - info: reporter initialized
2022-03-18T02:27:56.413Z - debug: OData query on templates
2022-03-18T02:27:56.425Z - debug: OData query on folders
2022-03-18T02:27:56.434Z - debug: OData query on components
2022-03-18T02:27:56.445Z - debug: OData query on data
2022-03-18T02:27:56.454Z - debug: OData query on tags
2022-03-18T02:27:56.462Z - debug: OData query on assets
2022-03-18T02:27:56.469Z - debug: OData query on scripts
2022-03-18T02:27:56.515Z - debug: OData query on schedules
2022-03-18T02:27:56.530Z - debug: OData query on settings
2022-03-18T02:28:14.418Z - debug: OData insert into folders
2022-03-18T02:28:43.228Z - debug: OData insert into data
2022-03-18T02:28:43.247Z - debug: OData insert into templates
2022-03-18T02:28:46.017Z - debug: Version control commit: local changes
2022-03-18T02:28:46.117Z - debug: Version control diff for local changes
2022-03-18T02:29:47.430Z - debug: OData update on data
2022-03-18T02:29:47.456Z - debug: OData query on data
2022-03-18T02:29:53.540Z - debug: OData update on templates
2022-03-18T02:29:53.562Z - debug: OData query on templates
2022-03-18T02:29:55.976Z - info: Starting rendering request 1 (user: null) rootId=spzwc7u3gj7j3v4, id=spzwc7u3gj7j3v4
2022-03-18T02:29:55.978Z - info: Rendering template { name: cv-template, recipe: chrome-pdf, engine: handlebars, preview: true } rootId=spzwc7u3gj7j3v4, id=spzwc7u3gj7j3v4
2022-03-18T02:29:55.979Z - debug: Adding sample data VkTHE3CFW rootId=spzwc7u3gj7j3v4, id=spzwc7u3gj7j3v4
2022-03-18T02:29:55.981Z - debug: Base url not specified, skipping its injection. rootId=spzwc7u3gj7j3v4, id=spzwc7u3gj7j3v4
2022-03-18T02:29:55.982Z - debug: Rendering engine handlebars rootId=spzwc7u3gj7j3v4, id=spzwc7u3gj7j3v4
2022-03-18T02:29:57.186Z - debug: Executing recipe chrome-pdf rootId=spzwc7u3gj7j3v4, id=spzwc7u3gj7j3v4
2022-03-18T02:29:58.315Z - debug: Converting with chrome HeadlessChrome/93.0.4577.82 using chrome-pool strategy rootId=spzwc7u3gj7j3v4, id=spzwc7u3gj7j3v4
2022-03-18T02:29:58.620Z - debug: Page request: GET (document) file:///tmp/jsreport/autocleanup/7ecaf225-e455-4a49-9458-528175e71daf-chrome-pdf.html rootId=spzwc7u3gj7j3v4, id=spzwc7u3gj7j3v4
2022-03-18T02:29:58.621Z - debug: Page request finished: GET (document) file:///tmp/jsreport/autocleanup/7ecaf225-e455-4a49-9458-528175e71daf-chrome-pdf.html rootId=spzwc7u3gj7j3v4, id=spzwc7u3gj7j3v4
2022-03-18T02:29:58.622Z - debug: Running chrome with params {"printBackground":true,"timeout":60000,"margin":{}} rootId=spzwc7u3gj7j3v4, id=spzwc7u3gj7j3v4
2022-03-18T02:29:58.623Z - debug: Skipping storing report. rootId=spzwc7u3gj7j3v4, id=spzwc7u3gj7j3v4
2022-03-18T02:29:58.625Z - info: Rendering request 1 finished in 2774 ms rootId=spzwc7u3gj7j3v4, id=spzwc7u3gj7j3v4
2022-03-18T02:30:03.915Z - debug: Version control commit: local changes
2022-03-18T02:30:03.937Z - debug: Version control diff for local changes
2022-03-18T02:30:16.201Z - debug: OData update on templates
2022-03-18T02:30:16.215Z - debug: OData query on templates
2022-03-18T02:30:18.656Z - info: Starting rendering request 2 (user: null) rootId=hnleixhxp9g9nlv, id=hnleixhxp9g9nlv
2022-03-18T02:30:18.656Z - info: Rendering template { name: cv-template, recipe: chrome-pdf, engine: handlebars, preview: true } rootId=hnleixhxp9g9nlv, id=hnleixhxp9g9nlv
2022-03-18T02:30:18.657Z - debug: Adding sample data VkTHE3CFW rootId=hnleixhxp9g9nlv, id=hnleixhxp9g9nlv
2022-03-18T02:30:18.658Z - debug: Base url not specified, skipping its injection. rootId=hnleixhxp9g9nlv, id=hnleixhxp9g9nlv
2022-03-18T02:30:18.658Z - debug: Rendering engine handlebars rootId=hnleixhxp9g9nlv, id=hnleixhxp9g9nlv
2022-03-18T02:30:18.892Z - debug: Executing recipe chrome-pdf rootId=hnleixhxp9g9nlv, id=hnleixhxp9g9nlv
2022-03-18T02:30:18.893Z - debug: Converting with chrome HeadlessChrome/93.0.4577.82 using chrome-pool strategy rootId=hnleixhxp9g9nlv, id=hnleixhxp9g9nlv
2022-03-18T02:30:18.992Z - debug: Page request: GET (document) file:///tmp/jsreport/autocleanup/04b8da00-2a41-4cec-90d2-26fd90354480-chrome-pdf.html rootId=hnleixhxp9g9nlv, id=hnleixhxp9g9nlv
2022-03-18T02:30:18.993Z - debug: Page request finished: GET (document) file:///tmp/jsreport/autocleanup/04b8da00-2a41-4cec-90d2-26fd90354480-chrome-pdf.html rootId=hnleixhxp9g9nlv, id=hnleixhxp9g9nlv
2022-03-18T02:30:19.080Z - debug: Running chrome with params {"printBackground":true,"timeout":60000,"margin":{}} rootId=hnleixhxp9g9nlv, id=hnleixhxp9g9nlv
2022-03-18T02:30:19.082Z - debug: Skipping storing report. rootId=hnleixhxp9g9nlv, id=hnleixhxp9g9nlv
2022-03-18T02:30:19.086Z - info: Rendering request 2 finished in 433 ms rootId=hnleixhxp9g9nlv, id=hnleixhxp9g9nlv
2022-03-18T02:30:32.701Z - debug: Version control commit: local changes
2022-03-18T02:30:32.724Z - debug: Version control diff for local changes
2022-03-18T02:30:39.371Z - debug: Version control commit: cv
2022-03-18T02:30:39.449Z - debug: Version control commit: local changes
2022-03-18T02:30:39.466Z - debug: Version control diff for local changes
2022-03-18T02:37:20.685Z - debug: OData query on templates
2022-03-18T02:37:39.419Z - debug: exporting objects, with selection ["9wPtjoSBgJHrb6r7","Pn6vM0Uk09bEpajP","-qQbdfYg43NZrjNJ"]
2022-03-18T02:37:39.431Z - debug: export will backup 3 objects
2022-03-18T02:38:35.342Z - debug: OData query on reports
2022-03-18T02:38:43.940Z - debug: OData query on reports
2022-03-18T02:38:49.022Z - debug: OData query on templates
2022-03-18T02:38:51.012Z - debug: OData query on reports
2022-03-18T02:41:27.481Z - info: Starting rendering request 3 (user: null) rootId=lnn39cxbzcvouzb, id=lnn39cxbzcvouzb
2022-03-18T02:41:27.481Z - warn: Error when processing render request 3 Template must contains _id, name, shortid or content attribute Error: Template must contains _id, name, shortid or content attribute
    at module.exports (/app/node_modules/@jsreport/jsreport-core/lib/shared/createError.js:10:13)
    at WorkerReporter.createError (/app/node_modules/@jsreport/jsreport-core/lib/shared/reporter.js:47:12)
    at AsyncFunction.<anonymous> (/app/node_modules/@jsreport/jsreport-core/lib/worker/templates.js:14:24)
    at ListenerCollection.fire (/app/node_modules/@jsreport/jsreport-core/lib/shared/listenerCollection.js:157:32)
    at async beforeRender (/app/node_modules/@jsreport/jsreport-core/lib/worker/render/render.js:26:5)
    at async WorkerReporter._render (/app/node_modules/@jsreport/jsreport-core/lib/worker/render/render.js:150:7)
    at async /app/node_modules/@jsreport/jsreport-core/lib/worker/reporter.js:177:19
    at async Domain.<anonymous> (/app/node_modules/@jsreport/advanced-workers/lib/workerHandler.js:141:19) rootId=lnn39cxbzcvouzb, id=lnn39cxbzcvouzb
2022-03-18T02:41:27.482Z - warn: Rendering request 3 finished with error in 3 ms rootId=lnn39cxbzcvouzb, id=lnn39cxbzcvouzb
2022-03-18T02:41:27.489Z - warn: Error during processing request at http://localhost:3001/api/report
2022-03-18T02:42:25.924Z - info: Starting rendering request 4 (user: null) rootId=x5bwiu7ntg8hk3v, id=x5bwiu7ntg8hk3v
2022-03-18T02:42:25.925Z - warn: Error when processing render request 4 Unable to find specified template or user does not have permissions to read it: name or path Error: Unable to find specified template or user does not have permissions to read it: name or path
    at module.exports (/app/node_modules/@jsreport/jsreport-core/lib/shared/createError.js:10:13)
    at WorkerReporter.createError (/app/node_modules/@jsreport/jsreport-core/lib/shared/reporter.js:47:12)
    at AsyncFunction.<anonymous> (/app/node_modules/@jsreport/jsreport-core/lib/worker/templates.js:31:22)
    at ListenerCollection.fire (/app/node_modules/@jsreport/jsreport-core/lib/shared/listenerCollection.js:157:32)
    at async beforeRender (/app/node_modules/@jsreport/jsreport-core/lib/worker/render/render.js:26:5)
    at async WorkerReporter._render (/app/node_modules/@jsreport/jsreport-core/lib/worker/render/render.js:150:7)
    at async /app/node_modules/@jsreport/jsreport-core/lib/worker/reporter.js:177:19
    at async Domain.<anonymous> (/app/node_modules/@jsreport/advanced-workers/lib/workerHandler.js:141:19) rootId=x5bwiu7ntg8hk3v, id=x5bwiu7ntg8hk3v
2022-03-18T02:42:25.925Z - warn: Rendering request 4 finished with error in 1 ms rootId=x5bwiu7ntg8hk3v, id=x5bwiu7ntg8hk3v
2022-03-18T02:42:25.927Z - warn: Error during processing request at http://localhost:3001/api/report
2022-03-18T02:43:02.950Z - info: Starting rendering request 5 (user: null) rootId=2qbwt09b24ujkef, id=2qbwt09b24ujkef
2022-03-18T02:43:02.951Z - info: Rendering template { name: cv-template, recipe: chrome-pdf, engine: handlebars, preview: false } rootId=2qbwt09b24ujkef, id=2qbwt09b24ujkef
2022-03-18T02:43:02.951Z - debug: Inline data specified. rootId=2qbwt09b24ujkef, id=2qbwt09b24ujkef
2022-03-18T02:43:02.951Z - debug: Base url not specified, skipping its injection. rootId=2qbwt09b24ujkef, id=2qbwt09b24ujkef
2022-03-18T02:43:02.952Z - debug: Rendering engine handlebars rootId=2qbwt09b24ujkef, id=2qbwt09b24ujkef
2022-03-18T02:43:03.154Z - debug: Executing recipe chrome-pdf rootId=2qbwt09b24ujkef, id=2qbwt09b24ujkef
2022-03-18T02:43:03.154Z - debug: Converting with chrome HeadlessChrome/93.0.4577.82 using chrome-pool strategy rootId=2qbwt09b24ujkef, id=2qbwt09b24ujkef
2022-03-18T02:43:03.423Z - debug: Page request: GET (document) file:///tmp/jsreport/autocleanup/fcd34482-2728-4ffb-b5d4-a65ff0a10b86-chrome-pdf.html rootId=2qbwt09b24ujkef, id=2qbwt09b24ujkef
2022-03-18T02:43:03.424Z - debug: Page request finished: GET (document) file:///tmp/jsreport/autocleanup/fcd34482-2728-4ffb-b5d4-a65ff0a10b86-chrome-pdf.html rootId=2qbwt09b24ujkef, id=2qbwt09b24ujkef
2022-03-18T02:43:03.424Z - debug: Running chrome with params {"printBackground":true,"timeout":60000,"margin":{}} rootId=2qbwt09b24ujkef, id=2qbwt09b24ujkef
2022-03-18T02:43:03.426Z - debug: Skipping storing report. rootId=2qbwt09b24ujkef, id=2qbwt09b24ujkef
2022-03-18T02:43:03.427Z - info: Rendering request 5 finished in 476 ms rootId=2qbwt09b24ujkef, id=2qbwt09b24ujkef
2022-03-18T02:43:19.233Z - info: Starting rendering request 6 (user: null) rootId=1zfrft4qfewno0v, id=1zfrft4qfewno0v
2022-03-18T02:43:19.233Z - info: Rendering template { name: cv-template, recipe: chrome-pdf, engine: handlebars, preview: false } rootId=1zfrft4qfewno0v, id=1zfrft4qfewno0v
2022-03-18T02:43:19.233Z - debug: Inline data specified. rootId=1zfrft4qfewno0v, id=1zfrft4qfewno0v
2022-03-18T02:43:19.234Z - debug: Base url not specified, skipping its injection. rootId=1zfrft4qfewno0v, id=1zfrft4qfewno0v
2022-03-18T02:43:19.236Z - debug: Rendering engine handlebars rootId=1zfrft4qfewno0v, id=1zfrft4qfewno0v
2022-03-18T02:43:19.385Z - debug: Executing recipe chrome-pdf rootId=1zfrft4qfewno0v, id=1zfrft4qfewno0v
2022-03-18T02:43:19.386Z - debug: Converting with chrome HeadlessChrome/93.0.4577.82 using chrome-pool strategy rootId=1zfrft4qfewno0v, id=1zfrft4qfewno0v
2022-03-18T02:43:19.387Z - debug: Page request: GET (document) file:///tmp/jsreport/autocleanup/e18a7f1c-9f97-4981-9135-339be89bf651-chrome-pdf.html rootId=1zfrft4qfewno0v, id=1zfrft4qfewno0v
2022-03-18T02:43:19.485Z - debug: Page request finished: GET (document) file:///tmp/jsreport/autocleanup/e18a7f1c-9f97-4981-9135-339be89bf651-chrome-pdf.html rootId=1zfrft4qfewno0v, id=1zfrft4qfewno0v
2022-03-18T02:43:19.486Z - debug: Running chrome with params {"printBackground":true,"timeout":60000,"margin":{}} rootId=1zfrft4qfewno0v, id=1zfrft4qfewno0v
2022-03-18T02:43:19.520Z - debug: Skipping storing report. rootId=1zfrft4qfewno0v, id=1zfrft4qfewno0v
2022-03-18T02:43:19.520Z - info: Rendering request 6 finished in 289 ms rootId=1zfrft4qfewno0v, id=1zfrft4qfewno0v
2022-03-18T02:44:50.521Z - info: Starting rendering request 7 (user: null) rootId=i9z56rzxg0yr0n4, id=i9z56rzxg0yr0n4
2022-03-18T02:44:50.521Z - info: Rendering template { name: cv-template, recipe: chrome-pdf, engine: handlebars, preview: false } rootId=i9z56rzxg0yr0n4, id=i9z56rzxg0yr0n4
2022-03-18T02:44:50.521Z - debug: Inline data specified. rootId=i9z56rzxg0yr0n4, id=i9z56rzxg0yr0n4
2022-03-18T02:44:50.522Z - debug: Base url not specified, skipping its injection. rootId=i9z56rzxg0yr0n4, id=i9z56rzxg0yr0n4
2022-03-18T02:44:50.522Z - debug: Rendering engine handlebars rootId=i9z56rzxg0yr0n4, id=i9z56rzxg0yr0n4
2022-03-18T02:44:50.609Z - debug: Executing recipe chrome-pdf rootId=i9z56rzxg0yr0n4, id=i9z56rzxg0yr0n4
2022-03-18T02:44:50.709Z - debug: Converting with chrome HeadlessChrome/93.0.4577.82 using chrome-pool strategy rootId=i9z56rzxg0yr0n4, id=i9z56rzxg0yr0n4
2022-03-18T02:44:50.802Z - debug: Page request: GET (document) file:///tmp/jsreport/autocleanup/52573f01-884b-4c03-bac3-10bb41454186-chrome-pdf.html rootId=i9z56rzxg0yr0n4, id=i9z56rzxg0yr0n4
2022-03-18T02:44:50.803Z - debug: Page request finished: GET (document) file:///tmp/jsreport/autocleanup/52573f01-884b-4c03-bac3-10bb41454186-chrome-pdf.html rootId=i9z56rzxg0yr0n4, id=i9z56rzxg0yr0n4
2022-03-18T02:44:50.803Z - debug: Running chrome with params {"printBackground":true,"timeout":60000,"margin":{}} rootId=i9z56rzxg0yr0n4, id=i9z56rzxg0yr0n4
2022-03-18T02:44:50.803Z - debug: Skipping storing report. rootId=i9z56rzxg0yr0n4, id=i9z56rzxg0yr0n4
2022-03-18T02:44:50.803Z - info: Rendering request 7 finished in 288 ms rootId=i9z56rzxg0yr0n4, id=i9z56rzxg0yr0n4
2022-03-18T02:45:11.799Z - debug: OData query on templates
2022-03-18T02:45:11.887Z - debug: OData query on profiles
2022-03-18T02:45:11.928Z - debug: OData query on monitoring
2022-03-18T02:45:52.870Z - debug: OData query on templates
2022-03-18T02:45:53.759Z - debug: OData query on data
2022-03-18T02:46:03.850Z - info: Starting rendering request 8 (user: null) rootId=cfki7tgscm0q8ws, id=cfki7tgscm0q8ws
2022-03-18T02:46:03.851Z - info: Rendering template { name: cv-template, recipe: chrome-pdf, engine: handlebars, preview: true } rootId=cfki7tgscm0q8ws, id=cfki7tgscm0q8ws
2022-03-18T02:46:03.852Z - debug: Adding sample data VkTHE3CFW rootId=cfki7tgscm0q8ws, id=cfki7tgscm0q8ws
2022-03-18T02:46:03.853Z - debug: Base url not specified, skipping its injection. rootId=cfki7tgscm0q8ws, id=cfki7tgscm0q8ws
2022-03-18T02:46:03.854Z - debug: Rendering engine handlebars rootId=cfki7tgscm0q8ws, id=cfki7tgscm0q8ws
2022-03-18T02:46:04.019Z - debug: Executing recipe chrome-pdf rootId=cfki7tgscm0q8ws, id=cfki7tgscm0q8ws
2022-03-18T02:46:04.026Z - debug: Converting with chrome HeadlessChrome/93.0.4577.82 using chrome-pool strategy rootId=cfki7tgscm0q8ws, id=cfki7tgscm0q8ws
2022-03-18T02:46:04.117Z - debug: Page request: GET (document) file:///tmp/jsreport/autocleanup/5d4f89f2-018a-45c9-8c01-3d82853669e9-chrome-pdf.html rootId=cfki7tgscm0q8ws, id=cfki7tgscm0q8ws
2022-03-18T02:46:04.218Z - debug: Page request finished: GET (document) file:///tmp/jsreport/autocleanup/5d4f89f2-018a-45c9-8c01-3d82853669e9-chrome-pdf.html rootId=cfki7tgscm0q8ws, id=cfki7tgscm0q8ws
2022-03-18T02:46:04.221Z - debug: Running chrome with params {"printBackground":true,"timeout":60000,"margin":{}} rootId=cfki7tgscm0q8ws, id=cfki7tgscm0q8ws
2022-03-18T02:46:04.237Z - debug: Skipping storing report. rootId=cfki7tgscm0q8ws, id=cfki7tgscm0q8ws
2022-03-18T02:46:04.241Z - info: Rendering request 8 finished in 395 ms rootId=cfki7tgscm0q8ws, id=cfki7tgscm0q8ws
2022-03-18T02:46:07.674Z - info: Starting rendering request 9 (user: null) rootId=82cump87z4350cu, id=82cump87z4350cu
2022-03-18T02:46:07.674Z - info: Rendering template { name: cv-template, recipe: chrome-pdf, engine: handlebars, preview: false } rootId=82cump87z4350cu, id=82cump87z4350cu
2022-03-18T02:46:07.674Z - debug: Inline data specified. rootId=82cump87z4350cu, id=82cump87z4350cu
2022-03-18T02:46:07.674Z - debug: Base url not specified, skipping its injection. rootId=82cump87z4350cu, id=82cump87z4350cu
2022-03-18T02:46:07.675Z - debug: Rendering engine handlebars rootId=82cump87z4350cu, id=82cump87z4350cu
2022-03-18T02:46:07.825Z - debug: Executing recipe chrome-pdf rootId=82cump87z4350cu, id=82cump87z4350cu
2022-03-18T02:46:07.826Z - debug: Converting with chrome HeadlessChrome/93.0.4577.82 using chrome-pool strategy rootId=82cump87z4350cu, id=82cump87z4350cu
2022-03-18T02:46:07.898Z - debug: Page request: GET (document) file:///tmp/jsreport/autocleanup/86e0288e-8c17-47f2-9d2b-74087aca44ca-chrome-pdf.html rootId=82cump87z4350cu, id=82cump87z4350cu
2022-03-18T02:46:07.899Z - debug: Page request finished: GET (document) file:///tmp/jsreport/autocleanup/86e0288e-8c17-47f2-9d2b-74087aca44ca-chrome-pdf.html rootId=82cump87z4350cu, id=82cump87z4350cu
2022-03-18T02:46:07.899Z - debug: Running chrome with params {"printBackground":true,"timeout":60000,"margin":{}} rootId=82cump87z4350cu, id=82cump87z4350cu
2022-03-18T02:46:07.899Z - debug: Skipping storing report. rootId=82cump87z4350cu, id=82cump87z4350cu
2022-03-18T02:46:07.900Z - info: Rendering request 9 finished in 231 ms rootId=82cump87z4350cu, id=82cump87z4350cu
2022-03-18T02:46:25.239Z - debug: Version control commit: local changes
2022-03-18T02:46:25.261Z - debug: Version control diff for local changes
2022-03-18T02:46:35.873Z - debug: Version control commit: no se
2022-03-18T02:46:35.916Z - debug: Version control commit: local changes
2022-03-18T02:46:35.933Z - debug: Version control diff for local changes
2022-03-18T02:46:42.181Z - debug: Version control commit: local changes
2022-03-18T02:46:42.199Z - debug: Version control diff for local changes
2022-03-18T02:47:06.820Z - debug: OData query on templates
2022-03-18T02:47:07.754Z - info: Starting rendering request 10 (user: null) rootId=4rzz0rchrfnscz5, id=4rzz0rchrfnscz5
2022-03-18T02:47:07.755Z - info: Rendering template { name: cv-template, recipe: chrome-pdf, engine: handlebars, preview: true } rootId=4rzz0rchrfnscz5, id=4rzz0rchrfnscz5
2022-03-18T02:47:07.756Z - debug: Adding sample data VkTHE3CFW rootId=4rzz0rchrfnscz5, id=4rzz0rchrfnscz5
2022-03-18T02:47:07.757Z - debug: Base url not specified, skipping its injection. rootId=4rzz0rchrfnscz5, id=4rzz0rchrfnscz5
2022-03-18T02:47:07.758Z - debug: Rendering engine handlebars rootId=4rzz0rchrfnscz5, id=4rzz0rchrfnscz5
2022-03-18T02:47:07.923Z - debug: Executing recipe chrome-pdf rootId=4rzz0rchrfnscz5, id=4rzz0rchrfnscz5
2022-03-18T02:47:07.925Z - debug: Converting with chrome HeadlessChrome/93.0.4577.82 using chrome-pool strategy rootId=4rzz0rchrfnscz5, id=4rzz0rchrfnscz5
2022-03-18T02:47:08.132Z - debug: Page request: GET (document) file:///tmp/jsreport/autocleanup/b4530923-a721-4633-86c8-b2d7416a78dd-chrome-pdf.html rootId=4rzz0rchrfnscz5, id=4rzz0rchrfnscz5
2022-03-18T02:47:08.232Z - debug: Page request finished: GET (document) file:///tmp/jsreport/autocleanup/b4530923-a721-4633-86c8-b2d7416a78dd-chrome-pdf.html rootId=4rzz0rchrfnscz5, id=4rzz0rchrfnscz5
2022-03-18T02:47:08.233Z - debug: Running chrome with params {"printBackground":true,"timeout":60000,"margin":{}} rootId=4rzz0rchrfnscz5, id=4rzz0rchrfnscz5
2022-03-18T02:47:08.302Z - debug: Skipping storing report. rootId=4rzz0rchrfnscz5, id=4rzz0rchrfnscz5
2022-03-18T02:47:08.303Z - info: Rendering request 10 finished in 556 ms rootId=4rzz0rchrfnscz5, id=4rzz0rchrfnscz5
